2026-05-20 22:25:20 [[32minfo[39m]: Gmail sync job scheduled (every 15 minutes)
2026-05-20 22:25:20 [[32minfo[39m]: BudgetMate backend initialized
2026-05-20 22:25:20 [[32minfo[39m]: Database connected
2026-05-20 22:25:20 [[32minfo[39m]: BudgetMate server running on http://localhost:3000
2026-05-20 22:30:00 [[32minfo[39m]: Starting scheduled Gmail sync for all users
2026-05-20 22:30:00 [[32minfo[39m]: Syncing 0 users
2026-05-20 22:33:12 [[32minfo[39m]: Gmail sync job scheduled (every 15 minutes)
2026-05-20 22:33:12 [[32minfo[39m]: BudgetMate backend initialized
2026-05-20 22:33:12 [[32minfo[39m]: Database connected
2026-05-20 23:02:34 [[32minfo[39m]: Gmail sync job scheduled (every 15 minutes)
2026-05-20 23:02:34 [[32minfo[39m]: Gmail sync job scheduled (every 15 minutes)
2026-05-20 23:02:34 [[32minfo[39m]: BudgetMate backend initialized
2026-05-20 23:02:34 [[32minfo[39m]: BudgetMate backend initialized
2026-05-20 23:02:34 [[32minfo[39m]: Database connected
2026-05-20 23:02:34 [[32minfo[39m]: Database connected
2026-05-20 23:02:34 [[32minfo[39m]: BudgetMate server running on http://localhost:3000
2026-05-20 23:02:36 [[32minfo[39m]: Gmail sync job scheduled (every 15 minutes)
2026-05-20 23:02:36 [[32minfo[39m]: BudgetMate backend initialized
2026-05-20 23:02:36 [[32minfo[39m]: Database connected
2026-05-20 23:02:36 [[32minfo[39m]: BudgetMate server running on http://localhost:3000
2026-05-20 23:02:39 [[32minfo[39m]: Gmail sync job scheduled (every 15 minutes)
2026-05-20 23:02:39 [[32minfo[39m]: BudgetMate backend initialized
2026-05-20 23:02:39 [[32minfo[39m]: Database connected
2026-05-20 23:02:39 [[32minfo[39m]: BudgetMate server running on http://localhost:3000
2026-05-20 23:02:43 [[32minfo[39m]: Gmail sync job scheduled (every 15 minutes)
2026-05-20 23:02:43 [[32minfo[39m]: BudgetMate backend initialized
2026-05-20 23:02:43 [[32minfo[39m]: Database connected
2026-05-20 23:02:43 [[32minfo[39m]: BudgetMate server running on http://localhost:3000
2026-05-20 23:02:47 [[32minfo[39m]: Gmail sync job scheduled (every 15 minutes)
2026-05-20 23:02:47 [[32minfo[39m]: BudgetMate backend initialized
2026-05-20 23:02:47 [[32minfo[39m]: Database connected
2026-05-20 23:02:47 [[32minfo[39m]: BudgetMate server running on http://localhost:3000
2026-05-20 23:02:47 [[32minfo[39m]: Gmail sync job scheduled (every 15 minutes)
2026-05-20 23:02:47 [[32minfo[39m]: BudgetMate backend initialized
2026-05-20 23:02:47 [[32minfo[39m]: Database connected
2026-05-20 23:02:51 [[32minfo[39m]: Gmail sync job scheduled (every 15 minutes)
2026-05-20 23:02:51 [[32minfo[39m]: BudgetMate backend initialized
2026-05-20 23:02:51 [[32minfo[39m]: Database connected
2026-05-20 23:02:51 [[32minfo[39m]: BudgetMate server running on http://localhost:3000
2026-05-20 23:02:54 [[32minfo[39m]: Gmail sync job scheduled (every 15 minutes)
2026-05-20 23:02:54 [[32minfo[39m]: BudgetMate backend initialized
2026-05-20 23:02:54 [[32minfo[39m]: Database connected
2026-05-20 23:02:54 [[32minfo[39m]: BudgetMate server running on http://localhost:3000
2026-05-20 23:02:59 [[32minfo[39m]: Gmail sync job scheduled (every 15 minutes)
2026-05-20 23:02:59 [[32minfo[39m]: BudgetMate backend initialized
2026-05-20 23:02:59 [[32minfo[39m]: Database connected
2026-05-20 23:02:59 [[32minfo[39m]: BudgetMate server running on http://localhost:3000
2026-05-20 23:03:07 [[32minfo[39m]: Gmail sync job scheduled (every 15 minutes)
2026-05-20 23:03:07 [[32minfo[39m]: BudgetMate backend initialized
2026-05-20 23:03:07 [[32minfo[39m]: Database connected
2026-05-20 23:03:07 [[32minfo[39m]: BudgetMate server running on http://localhost:3000
2026-05-20 23:03:07 [[32minfo[39m]: Gmail sync job scheduled (every 15 minutes)
2026-05-20 23:03:07 [[32minfo[39m]: BudgetMate backend initialized
2026-05-20 23:03:07 [[32minfo[39m]: Database connected
2026-05-20 23:03:16 [[32minfo[39m]: Gmail sync job scheduled (every 15 minutes)
2026-05-20 23:03:16 [[32minfo[39m]: BudgetMate backend initialized
2026-05-20 23:03:16 [[32minfo[39m]: Database connected
2026-05-20 23:03:16 [[32minfo[39m]: BudgetMate server running on http://localhost:3000
2026-05-20 23:05:05 [[32minfo[39m]: Gmail sync job scheduled (every 15 minutes)
2026-05-20 23:05:05 [[32minfo[39m]: BudgetMate backend initialized
2026-05-20 23:05:05 [[32minfo[39m]: Database connected
2026-05-20 23:05:05 [[32minfo[39m]: BudgetMate server running on http://localhost:3000
2026-05-20 23:07:39 [[32minfo[39m]: Gmail sync job scheduled (every 15 minutes)
2026-05-20 23:11:21 [[32minfo[39m]: Gmail sync job scheduled (every 15 minutes)
2026-05-20 23:11:21 [[32minfo[39m]: BudgetMate backend initialized
2026-05-20 23:11:21 [[32minfo[39m]: Database connected
2026-05-20 23:11:21 [[32minfo[39m]: BudgetMate server running on http://localhost:3000
2026-05-20 23:15:00 [[32minfo[39m]: Starting scheduled Gmail sync for all users
2026-05-20 23:15:00 [[32minfo[39m]: Syncing 0 users
2026-05-20 23:25:14 [[32minfo[39m]: Gmail sync job scheduled (every 15 minutes)
2026-05-20 23:25:14 [[32minfo[39m]: BudgetMate backend initialized
2026-05-20 23:25:14 [[32minfo[39m]: Database connected
2026-05-20 23:25:14 [[32minfo[39m]: BudgetMate server running on http://localhost:3000
2026-05-20 23:30:00 [[32minfo[39m]: Starting scheduled Gmail sync for all users
2026-05-20 23:30:00 [[32minfo[39m]: Syncing 0 users
2026-05-20 23:45:00 [[32minfo[39m]: Starting scheduled Gmail sync for all users
2026-05-20 23:45:00 [[32minfo[39m]: Syncing 0 users
2026-05-20 23:56:10 [[32minfo[39m]: Gmail sync job scheduled (every 15 minutes)
2026-05-20 23:56:10 [[32minfo[39m]: BudgetMate backend initialized
2026-05-20 23:56:10 [[32minfo[39m]: Database connected
2026-05-20 23:56:10 [[32minfo[39m]: BudgetMate server running on http://localhost:3000
2026-05-21 00:00:00 [[32minfo[39m]: Starting scheduled Gmail sync for all users
2026-05-21 00:00:00 [[32minfo[39m]: Syncing 0 users
2026-05-21 00:00:22 [[32minfo[39m]: Gmail sync job scheduled (every 15 minutes)
2026-05-21 00:00:22 [[32minfo[39m]: BudgetMate backend initialized
2026-05-21 00:00:22 [[32minfo[39m]: Database connected
2026-05-21 00:00:22 [[32minfo[39m]: BudgetMate server running on http://localhost:3000
2026-05-21 00:06:16 [[32minfo[39m]: Gmail sync job scheduled (every 15 minutes)
2026-05-21 00:06:16 [[32minfo[39m]: BudgetMate backend initialized
2026-05-21 00:06:16 [[32minfo[39m]: Database connected
2026-05-21 00:06:16 [[32minfo[39m]: Gmail sync job scheduled (every 15 minutes)
2026-05-21 00:06:16 [[32minfo[39m]: BudgetMate backend initialized
2026-05-21 00:06:16 [[32minfo[39m]: Database connected
2026-05-21 00:06:16 [[32minfo[39m]: BudgetMate server running on http://localhost:3000
2026-05-21 00:06:17 [[32minfo[39m]: Gmail sync job scheduled (every 15 minutes)
2026-05-21 00:06:17 [[32minfo[39m]: BudgetMate backend initialized
2026-05-21 00:06:17 [[32minfo[39m]: Gmail sync job scheduled (every 15 minutes)
2026-05-21 00:06:17 [[32minfo[39m]: Gmail sync job scheduled (every 15 minutes)
2026-05-21 00:06:17 [[32minfo[39m]: Database connected
2026-05-21 00:06:17 [[32minfo[39m]: BudgetMate backend initialized
2026-05-21 00:06:17 [[32minfo[39m]: Database connected
2026-05-21 00:06:21 [[32minfo[39m]: Gmail sync job scheduled (every 15 minutes)
2026-05-21 00:06:21 [[32minfo[39m]: Gmail sync job scheduled (every 15 minutes)
2026-05-21 00:06:21 [[32minfo[39m]: BudgetMate backend initialized
2026-05-21 00:06:21 [[32minfo[39m]: Database connected
2026-05-21 00:06:21 [[32minfo[39m]: BudgetMate server running on http://localhost:3000
2026-05-21 00:06:21 [[32minfo[39m]: Gmail sync job scheduled (every 15 minutes)
2026-05-21 00:07:22 [[32minfo[39m]: Gmail sync job scheduled (every 15 minutes)
2026-05-21 00:07:22 [[32minfo[39m]: BudgetMate backend initialized
2026-05-21 00:07:22 [[32minfo[39m]: Database connected
2026-05-21 00:07:22 [[32minfo[39m]: BudgetMate server running on http://localhost:3000
2026-05-21 00:11:05 [[32minfo[39m]: Gmail sync job scheduled (every 15 minutes)
2026-05-21 00:11:05 [[32minfo[39m]: BudgetMate backend initialized
2026-05-21 00:11:05 [[32minfo[39m]: Database connected
2026-05-21 00:11:05 [[32minfo[39m]: BudgetMate server running on http://localhost:3000
2026-05-21 00:11:53 [[32minfo[39m]: User authenticated: svalenth@gmail.com
2026-05-21 00:12:23 [[32minfo[39m]: User authenticated: svalenth@gmail.com
2026-05-21 00:12:51 [[32minfo[39m]: User authenticated: svalenth@gmail.com
2026-05-21 00:15:00 [[32minfo[39m]: Starting scheduled Gmail sync for all users
2026-05-21 00:15:00 [[32minfo[39m]: Syncing 1 users
2026-05-21 00:15:00 [[32minfo[39m]: User svalenth@gmail.com: 0 transactions from 0 emails
2026-05-21 00:21:54 [[32minfo[39m]: User authenticated: svalenth@gmail.com
2026-05-21 00:30:00 [[32minfo[39m]: Starting scheduled Gmail sync for all users
2026-05-21 00:30:00 [[32minfo[39m]: Syncing 1 users
2026-05-21 00:30:01 [[32minfo[39m]: User svalenth@gmail.com: 0 transactions from 0 emails
2026-05-21 00:45:00 [[32minfo[39m]: Starting scheduled Gmail sync for all users
2026-05-21 00:45:00 [[32minfo[39m]: Syncing 1 users
2026-05-21 00:45:00 [[32minfo[39m]: User svalenth@gmail.com: 0 transactions from 0 emails
2026-05-21 01:30:00 [[32minfo[39m]: Starting scheduled Gmail sync for all users
2026-05-21 01:30:00 [[32minfo[39m]: Syncing 1 users
2026-05-21 01:30:01 [[32minfo[39m]: User svalenth@gmail.com: 0 transactions from 0 emails
2026-05-21 01:45:00 [[32minfo[39m]: Starting scheduled Gmail sync for all users
2026-05-21 01:45:00 [[32minfo[39m]: Syncing 1 users
2026-05-21 01:45:01 [[32minfo[39m]: User svalenth@gmail.com: 0 transactions from 0 emails
2026-05-21 02:00:00 [[32minfo[39m]: Starting scheduled Gmail sync for all users
2026-05-21 02:00:00 [[32minfo[39m]: Syncing 1 users
2026-05-21 02:00:00 [[32minfo[39m]: User svalenth@gmail.com: 0 transactions from 0 emails
2026-05-21 02:15:00 [[32minfo[39m]: Starting scheduled Gmail sync for all users
2026-05-21 02:15:00 [[32minfo[39m]: Syncing 1 users
2026-05-21 02:15:00 [[32minfo[39m]: User svalenth@gmail.com: 0 transactions from 0 emails
2026-05-21 02:30:00 [[32minfo[39m]: Starting scheduled Gmail sync for all users
2026-05-21 02:30:00 [[32minfo[39m]: Syncing 1 users
2026-05-21 02:30:01 [[32minfo[39m]: User svalenth@gmail.com: 0 transactions from 0 emails
2026-05-21 02:45:00 [[32minfo[39m]: Starting scheduled Gmail sync for all users
2026-05-21 02:45:00 [[32minfo[39m]: Syncing 1 users
2026-05-21 02:45:00 [[32minfo[39m]: User svalenth@gmail.com: 0 transactions from 0 emails
2026-05-21 03:00:00 [[32minfo[39m]: Starting scheduled Gmail sync for all users
2026-05-21 03:00:00 [[32minfo[39m]: Syncing 1 users
2026-05-21 03:00:02 [[32minfo[39m]: User svalenth@gmail.com: 0 transactions from 0 emails
2026-05-21 03:15:00 [[32minfo[39m]: Starting scheduled Gmail sync for all users
2026-05-21 03:15:00 [[32minfo[39m]: Syncing 1 users
2026-05-21 03:15:01 [[32minfo[39m]: User svalenth@gmail.com: 0 transactions from 0 emails
2026-05-21 03:30:00 [[32minfo[39m]: Starting scheduled Gmail sync for all users
2026-05-21 03:30:00 [[32minfo[39m]: Syncing 1 users
2026-05-21 03:30:01 [[32minfo[39m]: User svalenth@gmail.com: 0 transactions from 0 emails
2026-05-21 03:45:00 [[32minfo[39m]: Starting scheduled Gmail sync for all users
2026-05-21 03:45:00 [[32minfo[39m]: Syncing 1 users
2026-05-21 03:45:00 [[32minfo[39m]: User svalenth@gmail.com: 0 transactions from 0 emails
2026-05-21 04:00:00 [[32minfo[39m]: Starting scheduled Gmail sync for all users
2026-05-21 04:00:00 [[32minfo[39m]: Syncing 1 users
2026-05-21 04:00:01 [[32minfo[39m]: User svalenth@gmail.com: 0 transactions from 0 emails
2026-05-21 04:15:00 [[32minfo[39m]: Starting scheduled Gmail sync for all users
2026-05-21 04:15:00 [[32minfo[39m]: Syncing 1 users
2026-05-21 04:15:01 [[32minfo[39m]: User svalenth@gmail.com: 0 transactions from 0 emails
2026-05-21 04:30:00 [[32minfo[39m]: Starting scheduled Gmail sync for all users
2026-05-21 04:30:00 [[32minfo[39m]: Syncing 1 users
2026-05-21 04:30:01 [[32minfo[39m]: User svalenth@gmail.com: 0 transactions from 0 emails
2026-05-21 04:45:00 [[32minfo[39m]: Starting scheduled Gmail sync for all users
2026-05-21 04:45:00 [[32minfo[39m]: Syncing 1 users
2026-05-21 04:45:01 [[32minfo[39m]: User svalenth@gmail.com: 0 transactions from 0 emails
2026-05-21 05:00:00 [[32minfo[39m]: Starting scheduled Gmail sync for all users
2026-05-21 05:00:00 [[32minfo[39m]: Syncing 1 users
2026-05-21 05:00:01 [[32minfo[39m]: User svalenth@gmail.com: 0 transactions from 0 emails
2026-05-21 05:15:00 [[32minfo[39m]: Starting scheduled Gmail sync for all users
2026-05-21 05:15:00 [[32minfo[39m]: Syncing 1 users
2026-05-21 05:15:01 [[32minfo[39m]: User svalenth@gmail.com: 0 transactions from 0 emails
2026-05-21 05:30:00 [[32minfo[39m]: Starting scheduled Gmail sync for all users
2026-05-21 05:30:00 [[32minfo[39m]: Syncing 1 users
2026-05-21 05:30:01 [[32minfo[39m]: User svalenth@gmail.com: 0 transactions from 0 emails
2026-05-21 05:45:00 [[32minfo[39m]: Starting scheduled Gmail sync for all users
2026-05-21 05:45:00 [[32minfo[39m]: Syncing 1 users
2026-05-21 05:45:01 [[32minfo[39m]: User svalenth@gmail.com: 0 transactions from 0 emails
2026-05-21 06:00:00 [[32minfo[39m]: Starting scheduled Gmail sync for all users
2026-05-21 06:00:00 [[32minfo[39m]: Syncing 1 users
2026-05-21 06:00:00 [[32minfo[39m]: User svalenth@gmail.com: 0 transactions from 0 emails
2026-05-21 06:00:09 [[32minfo[39m]: Gmail sync job scheduled (every 15 minutes)
2026-05-21 06:00:09 [[32minfo[39m]: BudgetMate backend initialized
2026-05-21 06:00:09 [[32minfo[39m]: Database connected
2026-05-21 06:00:09 [[32minfo[39m]: BudgetMate server running on http://localhost:3000
2026-05-21 06:00:09 [[32minfo[39m]: Gmail sync job scheduled (every 15 minutes)
2026-05-21 06:07:27 [[32minfo[39m]: Gmail sync job scheduled (every 15 minutes)
2026-05-21 06:07:27 [[32minfo[39m]: BudgetMate backend initialized
2026-05-21 06:07:27 [[32minfo[39m]: Database connected
2026-05-21 06:07:27 [[32minfo[39m]: BudgetMate server running on http://localhost:3000
2026-05-21 06:15:00 [[32minfo[39m]: Starting scheduled Gmail sync for all users
2026-05-21 06:15:00 [[32minfo[39m]: Syncing 1 users
2026-05-21 06:15:00 [[32minfo[39m]: User svalenth@gmail.com: 0 transactions from 0 emails
2026-05-21 09:30:00 [[32minfo[39m]: Starting scheduled Gmail sync for all users
2026-05-21 09:30:00 [[32minfo[39m]: Syncing 1 users
2026-05-21 09:30:03 [[32minfo[39m]: User svalenth@gmail.com: 0 transactions from 0 emails
2026-05-21 09:45:00 [[32minfo[39m]: Starting scheduled Gmail sync for all users
2026-05-21 09:45:00 [[32minfo[39m]: Syncing 1 users
2026-05-21 09:45:03 [[32minfo[39m]: User svalenth@gmail.com: 0 transactions from 0 emails
2026-05-21 10:00:00 [[32minfo[39m]: Starting scheduled Gmail sync for all users
2026-05-21 10:00:00 [[32minfo[39m]: Syncing 1 users
2026-05-21 10:00:03 [[32minfo[39m]: User svalenth@gmail.com: 0 transactions from 0 emails
2026-05-21 10:15:00 [[32minfo[39m]: Starting scheduled Gmail sync for all users
2026-05-21 10:15:00 [[32minfo[39m]: Syncing 1 users
2026-05-21 10:15:25 [[32minfo[39m]: User svalenth@gmail.com: 0 transactions from 0 emails
2026-05-21 10:30:00 [[32minfo[39m]: Starting scheduled Gmail sync for all users
2026-05-21 10:30:00 [[32minfo[39m]: Syncing 1 users
2026-05-21 10:30:11 [[32minfo[39m]: User svalenth@gmail.com: 0 transactions from 0 emails
2026-05-21 10:45:00 [[32minfo[39m]: Starting scheduled Gmail sync for all users
2026-05-21 10:45:00 [[32minfo[39m]: Syncing 1 users
2026-05-21 10:45:03 [[32minfo[39m]: User svalenth@gmail.com: 0 transactions from 0 emails
2026-05-21 11:30:00 [[32minfo[39m]: Starting scheduled Gmail sync for all users
2026-05-21 11:30:00 [[32minfo[39m]: Syncing 1 users
2026-05-21 11:31:07 [[31merror[39m]: Error: request to https://gmail.googleapis.com/gmail/v1/users/me/messages?q=%28from%3Ainfo%40bca.co.id%20OR%20from%3Anotifikasi%40bni.co.id%20OR%20from%3Amandiri%40bankmandiri.co.id%20OR%20from%3Abri%40bri.co.id%20OR%20from%3Ano-reply%40gopay.co.id%20OR%20from%3Ano-reply%40ovo.id%20OR%20from%3Ano-reply%40dana.id%20OR%20from%3Anotification%40shopee.co.id%20OR%20from%3Anoreply%40tokopedia.com%20OR%20from%3Aservice%40paypal.com%29%20after%3A1779335103&maxResults=100 failed, reason: 
    at Gaxios._request (C:\Project\Porto\budgeting_app\backend\node_modules\gaxios\src\gaxios.ts:157:13)
    at processTicksAndRejections (node:internal/process/task_queues:104:5)
    at OAuth2Client.requestAsync (C:\Project\Porto\budgeting_app\backend\node_modules\google-auth-library\build\src\auth\oauth2client.js:429:18)
    at GmailService.syncTransactions (C:\Project\Porto\budgeting_app\backend\src\modules\gmail\gmail.service.ts:48:26)
    at Task._execution (C:\Project\Porto\budgeting_app\backend\src\jobs\sync-gmail.job.ts:28:24)
2026-05-21 11:45:00 [[32minfo[39m]: Starting scheduled Gmail sync for all users
2026-05-21 11:45:00 [[32minfo[39m]: Syncing 1 users
2026-05-21 11:46:51 [[32minfo[39m]: User svalenth@gmail.com: 0 transactions from 0 emails
2026-05-21 12:00:00 [[32minfo[39m]: Starting scheduled Gmail sync for all users
2026-05-21 12:00:00 [[32minfo[39m]: Syncing 1 users
2026-05-21 12:00:26 [[32minfo[39m]: User svalenth@gmail.com: 0 transactions from 0 emails
2026-05-21 12:15:00 [[32minfo[39m]: Starting scheduled Gmail sync for all users
2026-05-21 12:15:00 [[32minfo[39m]: Syncing 1 users
2026-05-21 12:15:01 [[32minfo[39m]: User svalenth@gmail.com: 0 transactions from 0 emails
2026-05-21 12:30:00 [[32minfo[39m]: Starting scheduled Gmail sync for all users
2026-05-21 12:30:00 [[32minfo[39m]: Syncing 1 users
2026-05-21 12:30:02 [[32minfo[39m]: User svalenth@gmail.com: 0 transactions from 0 emails
2026-05-21 20:29:50 [[32minfo[39m]: Gmail sync job scheduled (every 15 minutes)
2026-05-21 20:29:50 [[32minfo[39m]: BudgetMate backend initialized
2026-05-21 20:29:50 [[32minfo[39m]: Database connected
2026-05-21 20:30:00 [[32minfo[39m]: Starting scheduled Gmail sync for all users
2026-05-21 20:30:00 [[32minfo[39m]: Syncing 1 users
2026-05-21 20:30:01 [[32minfo[39m]: User svalenth@gmail.com: 0 transactions from 0 emails
2026-05-21 20:34:00 [[32minfo[39m]: Gmail sync job scheduled (every 15 minutes)
2026-05-21 20:35:02 [[32minfo[39m]: Gmail sync job scheduled (every 15 minutes)
2026-05-21 20:36:19 [[32minfo[39m]: Gmail sync job scheduled (every 15 minutes)
2026-05-21 20:45:00 [[32minfo[39m]: Starting scheduled Gmail sync for all users
2026-05-21 20:45:00 [[32minfo[39m]: Syncing 1 users
2026-05-21 20:45:03 [[32minfo[39m]: User svalenth@gmail.com: 0 transactions from 0 emails
2026-05-21 21:00:00 [[32minfo[39m]: Starting scheduled Gmail sync for all users
2026-05-21 21:00:00 [[32minfo[39m]: Syncing 1 users
2026-05-21 21:00:00 [[32minfo[39m]: User svalenth@gmail.com: 0 transactions from 0 emails
2026-05-21 21:15:00 [[32minfo[39m]: Starting scheduled Gmail sync for all users
2026-05-21 21:15:00 [[32minfo[39m]: Syncing 1 users
2026-05-21 21:15:46 [[31merror[39m]: Error: request to https://gmail.googleapis.com/gmail/v1/users/me/messages?q=%28from%3Ainfo%40bca.co.id%20OR%20from%3Anotifikasi%40bni.co.id%20OR%20from%3Amandiri%40bankmandiri.co.id%20OR%20from%3Abri%40bri.co.id%20OR%20from%3Ano-reply%40gopay.co.id%20OR%20from%3Ano-reply%40ovo.id%20OR%20from%3Ano-reply%40dana.id%20OR%20from%3Anotification%40shopee.co.id%20OR%20from%3Anoreply%40tokopedia.com%20OR%20from%3Aservice%40paypal.com%29%20after%3A1779372000&maxResults=100 failed, reason: Client network socket disconnected before secure TLS connection was established
    at Gaxios._request (C:\Project\Porto\budgeting_app\backend\node_modules\gaxios\src\gaxios.ts:157:13)
    at processTicksAndRejections (node:internal/process/task_queues:104:5)
    at OAuth2Client.requestAsync (C:\Project\Porto\budgeting_app\backend\node_modules\google-auth-library\build\src\auth\oauth2client.js:429:18)
    at GmailService.syncTransactions (C:\Project\Porto\budgeting_app\backend\src\modules\gmail\gmail.service.ts:48:26)
    at Task._execution (C:\Project\Porto\budgeting_app\backend\src\jobs\sync-gmail.job.ts:28:24)
2026-05-21 21:30:00 [[32minfo[39m]: Starting scheduled Gmail sync for all users
2026-05-21 21:30:00 [[32minfo[39m]: Syncing 1 users
2026-05-21 21:30:01 [[32minfo[39m]: User svalenth@gmail.com: 0 transactions from 0 emails
2026-05-21 21:45:00 [[32minfo[39m]: Starting scheduled Gmail sync for all users
2026-05-21 21:45:00 [[32minfo[39m]: Syncing 1 users
2026-05-21 21:45:01 [[32minfo[39m]: User svalenth@gmail.com: 0 transactions from 0 emails
2026-05-21 22:00:00 [[32minfo[39m]: Starting scheduled Gmail sync for all users
2026-05-21 22:00:00 [[32minfo[39m]: Syncing 1 users
2026-05-21 22:00:01 [[32minfo[39m]: User svalenth@gmail.com: 0 transactions from 0 emails
2026-05-21 22:15:00 [[32minfo[39m]: Starting scheduled Gmail sync for all users
2026-05-21 22:15:00 [[32minfo[39m]: Syncing 1 users
2026-05-21 22:15:06 [[32minfo[39m]: User svalenth@gmail.com: 0 transactions from 0 emails
2026-05-21 22:30:00 [[32minfo[39m]: Starting scheduled Gmail sync for all users
2026-05-21 22:30:00 [[32minfo[39m]: Syncing 1 users
2026-05-21 22:30:03 [[32minfo[39m]: User svalenth@gmail.com: 0 transactions from 0 emails
2026-05-21 22:45:00 [[32minfo[39m]: Starting scheduled Gmail sync for all users
2026-05-21 22:45:00 [[32minfo[39m]: Syncing 1 users
2026-05-21 22:45:01 [[32minfo[39m]: User svalenth@gmail.com: 0 transactions from 0 emails
2026-05-21 23:00:00 [[32minfo[39m]: Starting scheduled Gmail sync for all users
2026-05-21 23:00:00 [[32minfo[39m]: Syncing 1 users
2026-05-21 23:00:02 [[32minfo[39m]: User svalenth@gmail.com: 0 transactions from 0 emails
2026-05-21 23:15:00 [[32minfo[39m]: Starting scheduled Gmail sync for all users
2026-05-21 23:15:00 [[32minfo[39m]: Syncing 1 users
2026-05-21 23:15:03 [[32minfo[39m]: User svalenth@gmail.com: 0 transactions from 0 emails
2026-05-21 23:30:00 [[32minfo[39m]: Starting scheduled Gmail sync for all users
2026-05-21 23:30:00 [[32minfo[39m]: Syncing 1 users
2026-05-21 23:30:01 [[32minfo[39m]: User svalenth@gmail.com: 0 transactions from 0 emails
2026-05-21 23:45:00 [[32minfo[39m]: Starting scheduled Gmail sync for all users
2026-05-21 23:45:00 [[32minfo[39m]: Syncing 1 users
2026-05-21 23:45:02 [[32minfo[39m]: User svalenth@gmail.com: 0 transactions from 0 emails
2026-05-22 00:00:00 [[32minfo[39m]: Starting scheduled Gmail sync for all users
2026-05-22 00:00:00 [[32minfo[39m]: Syncing 1 users
2026-05-22 00:00:01 [[32minfo[39m]: User svalenth@gmail.com: 0 transactions from 0 emails
2026-05-22 00:15:00 [[32minfo[39m]: Starting scheduled Gmail sync for all users
2026-05-22 00:15:00 [[32minfo[39m]: Syncing 1 users
2026-05-22 00:15:00 [[32minfo[39m]: User svalenth@gmail.com: 0 transactions from 0 emails
2026-05-22 00:30:00 [[32minfo[39m]: Starting scheduled Gmail sync for all users
2026-05-22 00:30:00 [[32minfo[39m]: Syncing 1 users
2026-05-22 00:30:02 [[32minfo[39m]: User svalenth@gmail.com: 0 transactions from 0 emails
2026-05-22 01:17:38 [[32minfo[39m]: Gmail sync job scheduled (every 15 minutes)
2026-05-22 01:17:38 [[32minfo[39m]: BudgetMate backend initialized
2026-05-22 01:17:38 [[32minfo[39m]: Database connected
2026-05-22 01:24:09 [[32minfo[39m]: Gmail sync job scheduled (every 15 minutes)
2026-05-22 01:24:09 [[32minfo[39m]: BudgetMate backend initialized
2026-05-22 01:24:09 [[32minfo[39m]: Database connected
2026-05-22 01:24:09 [[32minfo[39m]: BudgetMate server running on http://localhost:3000
2026-05-22 01:45:00 [[32minfo[39m]: Starting scheduled Gmail sync for all users
2026-05-22 01:45:00 [[32minfo[39m]: Syncing 1 users
2026-05-22 01:45:01 [[32minfo[39m]: User svalenth@gmail.com: 0 transactions from 0 emails
2026-05-22 01:58:25 [[32minfo[39m]: Gmail sync job scheduled (every 15 minutes)
2026-05-22 01:58:25 [[32minfo[39m]: BudgetMate backend initialized
2026-05-22 01:58:25 [[32minfo[39m]: Database connected
2026-05-22 01:58:25 [[32minfo[39m]: BudgetMate server running on http://localhost:3000
2026-05-22 02:00:00 [[32minfo[39m]: Starting scheduled Gmail sync for all users
2026-05-22 02:00:00 [[32minfo[39m]: Syncing 1 users
2026-05-22 02:00:01 [[32minfo[39m]: User svalenth@gmail.com: 0 transactions from 0 emails
2026-05-22 02:15:00 [[32minfo[39m]: Starting scheduled Gmail sync for all users
2026-05-22 02:15:00 [[32minfo[39m]: Syncing 1 users
2026-05-22 02:15:01 [[32minfo[39m]: User svalenth@gmail.com: 0 transactions from 0 emails
2026-05-22 02:30:00 [[32minfo[39m]: Starting scheduled Gmail sync for all users
2026-05-22 02:30:00 [[32minfo[39m]: Syncing 1 users
2026-05-22 02:30:00 [[32minfo[39m]: User svalenth@gmail.com: 0 transactions from 0 emails
2026-05-22 02:45:00 [[32minfo[39m]: Starting scheduled Gmail sync for all users
2026-05-22 02:45:00 [[32minfo[39m]: Syncing 1 users
2026-05-22 02:45:02 [[32minfo[39m]: User svalenth@gmail.com: 0 transactions from 0 emails
